Dataset/Injected-Faults/CommonsApp/apps-android-commons-Defeito-4/app/build/outputs/logs/manifest-merger-prod-debug-report.txt
-- Merging decision tree log ---
provider#fr.free.nrw.commons.filepicker.ExtendedFileProvider
INJECTED from src/main/AndroidManifest.xml:195:9-203:20
	android:grantUriPermissions
		ADDED from src/main/AndroidManifest.xml:199:13-47
	android:authorities
		INJECTED from src/main/AndroidManifest.xml
		ADDED from src/main/AndroidManifest.xml:197:13-60
	android:exported
		ADDED from src/main/AndroidManifest.xml:198:13-37
	android:name
		ADDED from src/main/AndroidManifest.xml:196:13-60
provider#fr.free.nrw.commons.category.CategoryContentProvider
INJECTED from src/main/AndroidManifest.xml:205:9-210:40
	android:authorities
		INJECTED from src/main/AndroidManifest.xml
		ADDED from src/main/AndroidManifest.xml:207:13-78
	android:label
		ADDED from src/main/AndroidManifest.xml:209:13-56
	android:syncable
		ADDED from src/main/AndroidManifest.xml:210:13-37
	android:exported
		ADDED from src/main/AndroidManifest.xml:208:13-37
	android:name
		ADDED from src/main/AndroidManifest.xml:206:13-61
provider#fr.free.nrw.commons.explore.recentsearches.RecentSearchesContentProvider
INJECTED from src/main/AndroidManifest.xml:212:9-217:40
	android:authorities
		INJECTED from src/main/AndroidManifest.xml
		ADDED from src/main/AndroidManifest.xml:214:13-90
	android:label
		ADDED from src/main/AndroidManifest.xml:216:13-54
	android:syncable
		ADDED from src/main/AndroidManifest.xml:217:13-37
	android:exported
		ADDED from src/main/AndroidManifest.xml:215:13-37
	android:name
		ADDED from src/main/AndroidManifest.xml:213:13-81
provider#fr.free.nrw.commons.recentlanguages.RecentLanguagesContentProvider
INJECTED from src/main/AndroidManifest.xml:219:9-224:38
	android:authorities
		INJECTED from src/main/AndroidManifest.xml
		ADDED from src/main/AndroidManifest.xml:221:11-81
	android:label
		ADDED from src/main/AndroidManifest.xml:223:11-60
	android:syncable
		ADDED from src/main/AndroidManifest.xml:224:11-35
	android:exported
		ADDED from src/main/AndroidManifest.xml:222:11-35
	android:name
		ADDED from src/main/AndroidManifest.xml:220:11-73
provider#fr.free.nrw.commons.bookmarks.pictures.BookmarkPicturesContentProvider
INJECTED from src/main/AndroidManifest.xml:226:9-231:40
	android:authorities
		INJECTED from src/main/AndroidManifest.xml
		ADDED from src/main/AndroidManifest.xml:228:13-77
	android:label
		ADDED from src/main/AndroidManifest.xml:230:13-55
	android:syncable
		ADDED from src/main/AndroidManifest.xml:231:13-37
	android:exported
		ADDED from src/main/AndroidManifest.xml:229:13-37
	android:name
		ADDED from src/main/AndroidManifest.xml:227:13-79
provider#fr.free.nrw.commons.bookmarks.locations.BookmarkLocationsContentProvider
INJECTED from src/main/AndroidManifest.xml:233:9-238:40
	android:authorities
		INJECTED from src/main/AndroidManifest.xml
		ADDED from src/main/AndroidManifest.xml:235:13-87
	android:label
		ADDED from src/main/AndroidManifest.xml:237:13-64
	android:syncable
		ADDED from src/main/AndroidManifest.xml:238:13-37
	android:exported
		ADDED from src/main/AndroidManifest.xml:236:13-37
	android:name
		ADDED from src/main/AndroidManifest.xml:234:13-81
provider#fr.free.nrw.commons.bookmarks.items.BookmarkItemsContentProvider
INJECTED from src/main/AndroidManifest.xml:240:9-245:38
	android:authorities
		INJECTED from src/main/AndroidManifest.xml
		ADDED from src/main/AndroidManifest.xml:242:11-81
	android:label
		ADDED from src/main/AndroidManifest.xml:244:11-62
	android:syncable
		ADDED from src/main/AndroidManifest.xml:245:11-35
	android:exported
		ADDED from src/main/AndroidManifest.xml:243:11-35
	android:name
		ADDED from src/main/AndroidManifest.xml:241:11-71
manifest
ADDED from src/main/AndroidManifest.xml:2:1-262:12
INJECTED from src/main/AndroidManifest.xml:2:1-262:12
INJECTED from src/main/AndroidManifest.xml:2:1-262:12
INJECTED from src/main/AndroidManifest.xml:2:1-262:12
MERGED from [com.hannesdorfmann:adapterdelegates4-kotlin-dsl-viewbinding:4.3.0] AndroidManifest.xml:2:1-11:12
MERGED from [androidx.databinding:viewbinding:8.0.2] AndroidManifest.xml:2:1-7:12
MERGED from [:wikimedia-data-client] AndroidManifest.xml:2:1-13:12
MERGED from [org.maplibre.gl:android-plugin-scalebar-v9:1.0.0] AndroidManifest.xml:2:1-9:12
MERGED from [org.maplibre.gl:android-sdk:10.0.1] AndroidManifest.xml:2:1-20:12
MERGED from [ch.acra:acra-dialog:5.8.4] AndroidManifest.xml:17:1-34:12
MERGED from [ch.acra:acra-mail:5.8.4] AndroidManifest.xml:17:1-40:12
MERGED from [ch.acra:acra-core:5.8.4] AndroidManifest.xml:17:1-47:12
MERGED from [androidx.room:room-ktx:2.5.0] AndroidManifest.xml:17:1-22:12
MERGED from [androidx.room:room-rxjava2:2.5.0] AndroidManifest.xml:17:1-22:12
MERGED from [androidx.work:work-runtime-ktx:2.8.1] AndroidManifest.xml:17:1-22:12
MERGED from [androidx.work:work-runtime:2.8.1] AndroidManifest.xml:17:1-145:12
MERGED from [androidx.room:room-runtime:2.5.0] AndroidManifest.xml:17:1-31:12
MERGED from [androidx.fragment:fragment-testing-manifest:1.6.2] AndroidManifest.xml:17:1-38:12
MERGED from [androidx.fragment:fragment-testing:1.6.2] AndroidManifest.xml:17:1-27:12
MERGED from [androidx.fragment:fragment-ktx:1.6.2] AndroidManifest.xml:17:1-22:12
MERGED from [androidx.activity:activity-ktx:1.5.1] AndroidManifest.xml:17:1-24:12
MERGED from [androidx.lifecycle:lifecycle-extensions:2.2.0] AndroidManifest.xml:17:1-27:12
MERGED from [com.google.dagger:dagger-android-support:2.23] AndroidManifest.xml:17:1-22:12
MERGED from [com.jakewharton.rxbinding2:rxbinding-design:2.1.1] AndroidManifest.xml:2:1-8:12
MERGED from [com.karumi:dexter:5.0.0] AndroidManifest.xml:17:1-32:12
MERGED from [com.google.android.material:material:1.1.0-alpha04] AndroidManifest.xml:17:1-24:12
MERGED from [androidx.preference:preference-ktx:1.1.0] AndroidManifest.xml:17:1-24:12
MERGED from [androidx.preference:preference:1.1.0] AndroidManifest.xml:17:1-24:12
MERGED from [com.github.bumptech.glide:glide:4.12.0] AndroidManifest.xml:2:1-12:12
MERGED from [com.jakewharton.rxbinding3:rxbinding-appcompat:3.0.0] AndroidManifest.xml:2:1-7:12
MERGED from [com.jakewharton.rxbinding2:rxbinding-appcompat-v7:2.1.1] AndroidManifest.xml:2:1-8:12
MERGED from [com.dinuscxj:circleprogressbar:1.1.1] AndroidManifest.xml:2:1-16:12
MERGED from [androidx.appcompat:appcompat:1.1.0] AndroidManifest.xml:17:1-24:12
MERGED from [androidx.fragment:fragment:1.3.6] AndroidManifest.xml:17:1-24:12
MERGED from [androidx.test:core:1.5.0] AndroidManifest.xml:17:1-53:12
MERGED from [com.hannesdorfmann:adapterdelegates4-pagination:4.3.0] AndroidManifest.xml:2:1-11:12
MERGED from [androidx.paging:paging-runtime-ktx:2.1.2] AndroidManifest.xml:17:1-22:12
MERGED from [androidx.paging:paging-runtime:2.1.2] AndroidManifest.xml:17:1-22:12
MERGED from [com.github.chrisbanes:PhotoView:2.0.0] AndroidManifest.xml:2:1-12:12
MERGED from [com.jakewharton.rxbinding2:rxbinding-support-v4:2.1.1] AndroidManifest.xml:2:1-8:12
MERGED from [androidx.legacy:legacy-support-core-ui:1.0.0] AndroidManifest.xml:17:1-22:12
MERGED from [androidx.legacy:legacy-support-core-utils:1.0.0] AndroidManifest.xml:17:1-22:12
MERGED from [androidx.loader:loader:1.0.0] AndroidManifest.xml:17:1-22:12
MERGED from [com.github.pedrovgs:renderers:3.3.3] AndroidManifest.xml:17:1-29:12
MERGED from [com.hannesdorfmann:adapterdelegates4:4.3.0] AndroidManifest.xml:2:1-13:12
MERGED from [androidx.recyclerview:recyclerview:1.2.0-alpha02] AndroidManifest.xml:17:1-24:12
MERGED from [androidx.browser:browser:1.3.0] AndroidManifest.xml:17:1-24:12
MERGED from [androidx.activity:activity:1.5.1] AndroidManifest.xml:17:1-24:12
MERGED from [androidx.lifecycle:lifecycle-viewmodel:2.6.1] AndroidManifest.xml:17:1-22:12
MERGED from [androidx.lifecycle:lifecycle-service:2.6.1] AndroidManifest.xml:17:1-22:12
MERGED from [androidx.lifecycle:lifecycle-runtime-ktx:2.6.1] AndroidManifest.xml:17:1-22:12
MERGED from [androidx.lifecycle:lifecycle-viewmodel-savedstate:2.6.1] AndroidManifest.xml:17:1-22:12
MERGED from [androidx.core:core-ktx:1.9.0] AndroidManifest.xml:2:1-7:12
MERGED from [com.mapbox.mapboxsdk:mapbox-android-gestures:0.7.0] AndroidManifest.xml:2:1-11:12
MERGED from [com.jakewharton:butterknife:10.1.0] AndroidManifest.xml:2:1-7:12
MERGED from [com.jakewharton:butterknife-runtime:10.1.0] AndroidManifest.xml:2:1-7:12
MERGED from [androidx.coordinatorlayout:coordinatorlayout:1.1.0-alpha01] AndroidManifest.xml:17:1-22:12
MERGED from [androidx.viewpager:viewpager:1.0.0] AndroidManifest.xml:17:1-22:12
MERGED from [androidx.drawerlayout:drawerlayout:1.0.0] AndroidManifest.xml:17:1-22:12
MERGED from [androidx.slidingpanelayout:slidingpanelayout:1.0.0] AndroidManifest.xml:17:1-22:12
MERGED from [androidx.customview:customview:1.0.0] AndroidManifest.xml:17:1-22:12
MERGED from [androidx.transition:transition:1.0.1] AndroidManifest.xml:17:1-22:12
MERGED from [androidx.swiperefreshlayout:swiperefreshlayout:1.0.0] AndroidManifest.xml:17:1-22:12
MERGED from [androidx.asynclayoutinflater:asynclayoutinflater:1.0.0] AndroidManifest.xml:17:1-22:12
MERGED from [androidx.appcompat:appcompat-resources:1.1.0] AndroidManifest.xml:17:1-24:12
MERGED from [androidx.vectordrawable:vectordrawable-animated:1.1.0] AndroidManifest.xml:17:1-24:12
MERGED from [androidx.vectordrawable:vectordrawable:1.1.0] AndroidManifest.xml:17:1-24:12
MERGED from [androidx.core:core:1.9.0] AndroidManifest.xml:17:1-30:12
MERGED from [androidx.lifecycle:lifecycle-runtime:2.6.1] AndroidManifest.xml:2:1-7:12
MERGED from [androidx.lifecycle:lifecycle-process:2.6.1] AndroidManifest.xml:17:1-35:12
MERGED from [androidx.lifecycle:lifecycle-livedata:2.6.1] AndroidManifest.xml:17:1-22:12
MERGED from [androidx.savedstate:savedstate-ktx:1.2.1] AndroidManifest.xml:17:1-22:12
MERGED from [androidx.savedstate:savedstate:1.2.1] AndroidManifest.xml:17:1-22:12
MERGED from [androidx.lifecycle:lifecycle-livedata-core:2.6.1] AndroidManifest.xml:17:1-22:12
MERGED from [androidx.lifecycle:lifecycle-livedata-core-ktx:2.6.1] AndroidManifest.xml:17:1-22:12
MERGED from [androidx.lifecycle:lifecycle-viewmodel-ktx:2.6.1] AndroidManifest.xml:17:1-22:12
MERGED from [com.squareup.leakcanary:leakcanary-android:2.10] AndroidManifest.xml:17:1-22:12
MERGED from [com.squareup.leakcanary:leakcanary-android-core:2.10] AndroidManifest.xml:17:1-105:12
MERGED from [com.jakewharton.rxbinding2:rxbinding:2.1.1] AndroidManifest.xml:2:1-8:12
MERGED from [com.jakewharton.rxbinding3:rxbinding:3.0.0] AndroidManifest.xml:2:1-7:12
MERGED from [io.reactivex.rxjava2:rxandroid:2.1.1] AndroidManifest.xml:15:1-20:12
MERGED from [androidx.paging:paging-rxjava2-ktx:2.1.2] AndroidManifest.xml:17:1-22:12
MERGED from [androidx.paging:paging-rxjava2:2.1.2] AndroidManifest.xml:17:1-22:12
MERGED from [com.facebook.fresco:fresco:1.13.0] AndroidManifest.xml:2:1-9:12
MERGED from [fr.avianey.com.viewpagerindicator:library:2.4.1.1] AndroidManifest.xml:3:1-9:12
MERGED from [com.jakewharton.timber:timber:4.7.1] AndroidManifest.xml:2:1-9:12
MERGED from [com.github.deano2390:MaterialShowcaseView:1.2.0] AndroidManifest.xml:2:1-11:12
MERGED from [com.google.dagger:dagger-android:2.23] AndroidManifest.xml:17:1-22:12
MERGED from [androidx.cardview:cardview:1.0.0] AndroidManifest.xml:17:1-22:12
MERGED from [androidx.constraintlayout:constraintlayout:1.1.3] AndroidManifest.xml:2:1-11:12
MERGED from [androidx.exifinterface:exifinterface:1.3.2] AndroidManifest.xml:17:1-24:12
MERGED from [com.simplecityapps:recyclerview-fastscroll:2.0.1] AndroidManifest.xml:2:1-9:12
MERGED from [com.daimajia.swipelayout:library:1.2.0] AndroidManifest.xml:2:1-10:12
MERGED from [com.github.juanitobananas:AndroidMediaUtil:v1.0-1] AndroidManifest.xml:2:1-11:12
MERGED from [androidx.multidex:multidex:2.0.1] AndroidManifest.xml:17:1-22:12
MERGED from [org.osmdroid:osmdroid-android:6.1.17] AndroidManifest.xml:2:1-27:12
MERGED from [androidx.interpolator:interpolator:1.0.0] AndroidManifest.xml:17:1-22:12
MERGED from [androidx.versionedparcelable:versionedparcelable:1.1.1] AndroidManifest.xml:17:1-27:12
MERGED from [androidx.sqlite:sqlite-framework:2.3.0] AndroidManifest.xml:17:1-22:12
MERGED from [androidx.sqlite:sqlite:2.3.0] AndroidManifest.xml:17:1-22:12
MERGED from [com.github.bumptech.glide:gifdecoder:4.12.0] AndroidManifest.xml:2:1-11:12
MERGED from [androidx.profileinstaller:profileinstaller:1.3.0] AndroidManifest.xml:17:1-55:12
MERGED from [androidx.test.services:storage:1.4.2] AndroidManifest.xml:17:1-24:12
MERGED from [androidx.test:monitor:1.6.0] AndroidManifest.xml:17:1-24:12
MERGED from [androidx.startup:startup-runtime:1.1.1] AndroidManifest.xml:17:1-33:12
MERGED from [androidx.tracing:tracing:1.0.0] AndroidManifest.xml:17:1-24:12
MERGED from [androidx.cursoradapter:cursoradapter:1.0.0] AndroidManifest.xml:17:1-22:12
MERGED from [androidx.documentfile:documentfile:1.0.0] AndroidManifest.xml:17:1-22:12
MERGED from [androidx.localbroadcastmanager:localbroadcastmanager:1.0.0] AndroidManifest.xml:17:1-22:12
MERGED from [androidx.print:print:1.0.0] AndroidManifest.xml:17:1-22:12
MERGED from [androidx.test:annotation:1.0.1] AndroidManifest.xml:17:1-24:12
MERGED from [androidx.arch.core:core-runtime:2.2.0] AndroidManifest.xml:17:1-22:12
MERGED from [com.squareup.leakcanary:leakcanary-object-watcher-android:2.10] AndroidManifest.xml:2:1-15:12
MERGED from [com.squareup.leakcanary:plumber-android:2.10] AndroidManifest.xml:2:1-15:12
MERGED from [com.squareup.leakcanary:leakcanary-object-watcher-android-androidx:2.10] AndroidManifest.xml:2:1-7:12
MERGED from [com.squareup.leakcanary:leakcanary-object-watcher-android-support-fragments:2.10] AndroidManifest.xml:2:1-7:12
MERGED from [com.squareup.leakcanary:leakcanary-object-watcher-android-core:2.10] AndroidManifest.xml:2:1-7:12
MERGED from [com.squareup.leakcanary:plumber-android-core:2.10] AndroidManifest.xml:2:1-7:12
MERGED from [androidx.annotation:annotation-experimental:1.3.0] AndroidManifest.xml:17:1-22:12
MERGED from [com.squareup.leakcanary:leakcanary-android-utils:2.10] AndroidManifest.xml:2:1-7:12
MERGED from [com.squareup.curtains:curtains:1.2.4] AndroidManifest.xml:2:1-9:12
MERGED from [com.facebook.fresco:drawee:1.13.0] AndroidManifest.xml:2:1-9:12
MERGED from [com.facebook.fresco:nativeimagefilters:1.13.0] AndroidManifest.xml:2:1-9:12
MERGED from [com.facebook.fresco:imagepipeline:1.13.0] AndroidManifest.xml:2:1-9:12
MERGED from [com.facebook.fresco:nativeimagetranscoder:1.13.0] AndroidManifest.xml:2:1-9:12
MERGED from [com.facebook.fresco:imagepipeline-base:1.13.0] AndroidManifest.xml:2:1-9:12
MERGED from [com.facebook.fresco:fbcore:1.13.0] AndroidManifest.xml:2:1-9:12
MERGED from [com.facebook.soloader:soloader:0.6.0] AndroidManifest.xml:2:1-13:12
INJECTED from src/main/AndroidManifest.xml:2:1-262:12
INJECTED from src/main/AndroidManifest.xml:2:1-262:12
INJECTED from src/main/AndroidManifest.xml:2:1-262:12
	package
		INJECTED from src/main/AndroidManifest.xml
		ADDED from src/main/AndroidManifest.xml:2:1-262:12
		INJECTED from src/main/AndroidManifest.xml
	android:versionName
		INJECTED from src/main/AndroidManifest.xml
		ADDED from src/main/AndroidManifest.xml:2:1-262:12
		INJECTED from src/main/AndroidManifest.xml
	xmlns:tools
		ADDED from src/main/AndroidManifest.xml:3:5-51
	android:versionCode
		INJECTED from src/main/AndroidManifest.xml
		ADDED from src/main/AndroidManifest.xml:2:1-262:12
		INJECTED from src/main/AndroidManifest.xml
	xmlns:android
		ADDED from src/main/AndroidManifest.xml:2:11-69
uses-permission#android.permission.INTERNET
ADDED from src/main/AndroidManifest.xml:4:5-67
MERGED from [org.maplibre.gl:android-sdk:10.0.1] AndroidManifest.xml:14:5-67
MERGED from [org.maplibre.gl:android-sdk:10.0.1] AndroidManifest.xml:14:5-67
	android:name
		ADDED from src/main/AndroidManifest.xml:4:22-64
uses-permission#android.permission.READ_EXTERNAL_STORAGE
ADDED from src/main/AndroidManifest.xml:5:5-80
MERGED from [com.squareup.leakcanary:leakcanary-android-core:2.10] AndroidManifest.xml:25:5-80
MERGED from [com.squareup.leakcanary:leakcanary-android-core:2.10] AndroidManifest.xml:25:5-80
	android:name
		ADDED from src/main/AndroidManifest.xml:5:22-77
uses-permission#android.permission.READ_SYNC_SETTINGS
ADDED from src/main/AndroidManifest.xml:6:5-77
	android:name
		ADDED from src/main/AndroidManifest.xml:6:22-74
uses-permission#android.permission.READ_SYNC_STATS
ADDED from src/main/AndroidManifest.xml:7:5-74
	android:name
		ADDED from src/main/AndroidManifest.xml:7:22-71
uses-permission#android.permission.REORDER_TASKS
ADDED from src/main/AndroidManifest.xml:8:5-72
MERGED from [androidx.fragment:fragment-testing-manifest:1.6.2] AndroidManifest.xml:23:5-72
MERGED from [androidx.fragment:fragment-testing-manifest:1.6.2] AndroidManifest.xml:23:5-72
MERGED from [androidx.test:core:1.5.0] AndroidManifest.xml:24:5-72
MERGED from [androidx.test:core:1.5.0] AndroidManifest.xml:24:5-72
	android:name
		ADDED from src/main/AndroidManifest.xml:8:22-69
uses-permission#android.permission.WRITE_SYNC_SETTINGS
ADDED from src/main/AndroidManifest.xml:9:5-78
	android:name
		ADDED from src/main/AndroidManifest.xml:9:22-75
uses-permission#android.permission.WRITE_EXTERNAL_STORAGE
ADDED from src/main/AndroidManifest.xml:10:5-81
MERGED from [com.squareup.leakcanary:leakcanary-android-core:2.10] AndroidManifest.xml:26:5-81
MERGED from [com.squareup.leakcanary:leakcanary-android-core:2.10] AndroidManifest.xml:26:5-81
	android:name
		ADDED from src/main/AndroidManifest.xml:10:22-78
uses-permission#android.permission.ACCESS_FINE_LOCATION
ADDED from src/main/AndroidManifest.xml:11:5-79
MERGED from [org.maplibre.gl:android-sdk:10.0.1] AndroidManifest.xml:18:5-79
MERGED from [org.maplibre.gl:android-sdk:10.0.1] AndroidManifest.xml:18:5-79
	android:name
		ADDED from src/main/AndroidManifest.xml:11:22-76
uses-permission#android.permission.AUTHENTICATE_ACCOUNTS
ADDED from src/main/AndroidManifest.xml:12:5-80
	android:name
		ADDED from src/main/AndroidManifest.xml:12:22-77
uses-permission#android.permission.GET_ACCOUNTS
ADDED from src/main/AndroidManifest.xml:13:5-71
	android:name
		ADDED from src/main/AndroidManifest.xml:13:22-68
uses-permission#android.permission.USE_CREDENTIALS
ADDED from src/main/AndroidManifest.xml:14:5-74
	android:name
		ADDED from src/main/AndroidManifest.xml:14:22-71
uses-permission#android.permission.MANAGE_ACCOUNTS
ADDED from src/main/AndroidManifest.xml:15:5-74
	android:name
		ADDED from src/main/AndroidManifest.xml:15:22-71
uses-permission#android.permission.POST_NOTIFICATIONS
ADDED from src/main/AndroidManifest.xml:16:5-76
MERGED from [com.squareup.leakcanary:leakcanary-android-core:2.10] AndroidManifest.xml:29:5-77
MERGED from [com.squareup.leakcanary:leakcanary-android-core:2.10] AndroidManifest.xml:29:5-77
	android:name
		ADDED from src/main/AndroidManifest.xml:16:22-74
uses-permission#android.permission.READ_MEDIA_IMAGES
ADDED from src/main/AndroidManifest.xml:17:5-75
	android:name
		ADDED from src/main/AndroidManifest.xml:17:22-73
uses-permission#com.google.android.apps.photos.permission.GOOGLE_PHOTOS
ADDED from src/main/AndroidManifest.xml:18:5-95
	android:name
		ADDED from src/main/AndroidManifest.xml:18:22-92
uses-permission#android.permission.SET_WALLPAPER
ADDED from src/main/AndroidManifest.xml:19:5-71
	android:name
		ADDED from src/main/AndroidManifest.xml:19:22-69
uses-permission#android.permission.FOREGROUND_SERVICE
ADDED from src/main/AndroidManifest.xml:20:5-77
MERGED from [androidx.work:work-runtime:2.8.1] AndroidManifest.xml:26:5-77
MERGED from [androidx.work:work-runtime:2.8.1] AndroidManifest.xml:26:5-77
	android:name
		ADDED from src/main/AndroidManifest.xml:20:22-74
uses-permission#android.permission.ACCESS_MEDIA_LOCATION
ADDED from src/main/AndroidManifest.xml:21:5-79
	android:name
		ADDED from src/main/AndroidManifest.xml:21:22-77
queries
ADDED from src/main/AndroidManifest.xml:23:5-32:15
MERGED from [ch.acra:acra-mail:5.8.4] AndroidManifest.xml:24:5-38:15
MERGED from [ch.acra:acra-mail:5.8.4] AndroidManifest.xml:24:5-38:15
intent#action:name:android.intent.action.VIEW+category:name:android.intent.category.BROWSABLE+data:scheme:https
ADDED from src/main/AndroidManifest.xml:25:9-29:18
action#android.intent.action.VIEW
ADDED from src/main/AndroidManifest.xml:26:13-65
	android:name
		ADDED from src/main/AndroidManifest.xml:26:21-62
category#android.intent.category.BROWSABLE
ADDED from src/main/AndroidManifest.xml:27:13-74
	android:name
		ADDED from src/main/AndroidManifest.xml:27:23-71
data
ADDED from src/main/AndroidManifest.xml:28:13-44
	android:scheme
		ADDED from src/main/AndroidManifest.xml:28:19-41
	android:mimeType
		ADDED from src/main/AndroidManifest.xml:99:23-49
package#com.google.android.apps.maps
ADDED from src/main/AndroidManifest.xml:31:9-64
	android:name
		ADDED from src/main/AndroidManifest.xml:31:18-61
uses-feature#android.hardware.location.gps
ADDED from src/main/AndroidManifest.xml:36:5-66
MERGED from [org.osmdroid:osmdroid-android:6.1.17] AndroidManifest.xml:17:5-19:36
MERGED from [org.osmdroid:osmdroid-android:6.1.17] AndroidManifest.xml:17:5-19:36
	android:name
		ADDED from src/main/AndroidManifest.xml:36:19-63
application
ADDED from src/main/AndroidManifest.xml:38:5-260:19
MERGED from [:wikimedia-data-client] AndroidManifest.xml:7:5-11:19
MERGED from [:wikimedia-data-client] AndroidManifest.xml:7:5-11:19
MERGED from [ch.acra:acra-dialog:5.8.4] AndroidManifest.xml:24:5-32:19
MERGED from [ch.acra:acra-dialog:5.8.4] AndroidManifest.xml:24:5-32:19
MERGED from [ch.acra:acra-core:5.8.4] AndroidManifest.xml:25:5-45:19
MERGED from [ch.acra:acra-core:5.8.4] AndroidManifest.xml:25:5-45:19
MERGED from [androidx.work:work-runtime:2.8.1] AndroidManifest.xml:28:5-143:19
MERGED from [androidx.work:work-runtime:2.8.1] AndroidManifest.xml:28:5-143:19
MERGED from [androidx.room:room-runtime:2.5.0] AndroidManifest.xml:23:5-29:19
MERGED from [androidx.room:room-runtime:2.5.0] AndroidManifest.xml:23:5-29:19
MERGED from [androidx.fragment:fragment-testing-manifest:1.6.2] AndroidManifest.xml:25:5-36:19
MERGED from [androidx.fragment:fragment-testing-manifest:1.6.2] AndroidManifest.xml:25:5-36:19
MERGED from [androidx.fragment:fragment-testing:1.6.2] AndroidManifest.xml:24:5-25:19
MERGED from [androidx.fragment:fragment-testing:1.6.2] AndroidManifest.xml:24:5-25:19
MERGED from [androidx.lifecycle:lifecycle-extensions:2.2.0] AndroidManifest.xml:24:5-25:19
MERGED from [androidx.lifecycle:lifecycle-extensions:2.2.0] AndroidManifest.xml:24:5-25:19
MERGED from [com.karumi:dexter:5.0.0] AndroidManifest.xml:26:5-30:19
MERGED from [com.karumi:dexter:5.0.0] AndroidManifest.xml:26:5-30:19
MERGED from [com.google.android.material:material:1.1.0-alpha04] AndroidManifest.xml:22:5-20
MERGED from [com.google.android.material:material:1.1.0-alpha04] AndroidManifest.xml:22:5-20
MERGED from [com.github.bumptech.glide:glide:4.12.0] AndroidManifest.xml:10:5-20
MERGED from [com.github.bumptech.glide:glide:4.12.0] AndroidManifest.xml:10:5-20
MERGED from [com.dinuscxj:circleprogressbar:1.1.1] AndroidManifest.xml:11:5-14:19
MERGED from [com.dinuscxj:circleprogressbar:1.1.1] AndroidManifest.xml:11:5-14:19
MERGED from [androidx.test:core:1.5.0] AndroidManifest.xml:26:5-51:19
MERGED from [androidx.test:core:1.5.0] AndroidManifest.xml:26:5-51:19
MERGED from [com.github.pedrovgs:renderers:3.3.3] AndroidManifest.xml:26:5-27:19
MERGED from [com.github.pedrovgs:renderers:3.3.3] AndroidManifest.xml:26:5-27:19
MERGED from [com.hannesdorfmann:adapterdelegates4:4.3.0] AndroidManifest.xml:11:5-20
MERGED from [com.hannesdorfmann:adapterdelegates4:4.3.0] AndroidManifest.xml:11:5-20
MERGED from [androidx.core:core:1.9.0] AndroidManifest.xml:28:5-89
MERGED from [androidx.core:core:1.9.0] AndroidManifest.xml:28:5-89
MERGED from [androidx.lifecycle:lifecycle-process:2.6.1] AndroidManifest.xml:23:5-33:19
MERGED from [androidx.lifecycle:lifecycle-process:2.6.1] AndroidManifest.xml:23:5-33:19
MERGED from [com.squareup.leakcanary:leakcanary-android-core:2.10] AndroidManifest.xml:31:5-103:19
MERGED from [com.squareup.leakcanary:leakcanary-android-core:2.10] AndroidManifest.xml:31:5-103:19
MERGED from [com.jakewharton.timber:timber:4.7.1] AndroidManifest.xml:7:5-20
MERGED from [com.jakewharton.timber:timber:4.7.1] AndroidManifest.xml:7:5-20
MERGED from [androidx.constraintlayout:constraintlayout:1.1.3] AndroidManifest.xml:9:5-20
MERGED from [androidx.constraintlayout:constraintlayout:1.1.3] AndroidManifest.xml:9:5-20
MERGED from [androidx.versionedparcelable:versionedparcelable:1.1.1] AndroidManifest.xml:24:5-25:19
MERGED from [androidx.versionedparcelable:versionedparcelable:1.1.1] AndroidManifest.xml:24:5-25:19
MERGED from [com.github.bumptech.glide:gifdecoder:4.12.0] AndroidManifest.xml:9:5-20
MERGED from [com.github.bumptech.glide:gifdecoder:4.12.0] AndroidManifest.xml:9:5-20
MERGED from [androidx.profileinstaller:profileinstaller:1.3.0] AndroidManifest.xml:23:5-53:19
MERGED from [androidx.profileinstaller:profileinstaller:1.3.0] AndroidManifest.xml:23:5-53:19
MERGED from [androidx.startup:startup-runtime:1.1.1] AndroidManifest.xml:25:5-31:19
MERGED from [androidx.startup:startup-runtime:1.1.1] AndroidManifest.xml:25:5-31:19
MERGED from [com.squareup.leakcanary:leakcanary-object-watcher-android:2.10] AndroidManifest.xml:7:5-13:19
MERGED from [com.squareup.leakcanary:leakcanary-object-watcher-android:2.10] AndroidManifest.xml:7:5-13:19
MERGED from [com.squareup.leakcanary:plumber-android:2.10] AndroidManifest.xml:7:5-13:19
MERGED from [com.squareup.leakcanary:plumber-android:2.10] AndroidManifest.xml:7:5-13:19
MERGED from [com.facebook.soloader:soloader:0.6.0] AndroidManifest.xml:11:5-20
MERGED from [com.facebook.soloader:soloader:0.6.0] AndroidManifest.xml:11:5-20
	android:requestLegacyExternalStorage
		ADDED from src/main/AndroidManifest.xml:47:9-54
	android:supportsRtl
		ADDED from src/main/AndroidManifest.xml:44:9-35
	android:label
		ADDED from src/main/AndroidManifest.xml:41:9-41
	android:appComponentFactory
		ADDED from src/main/AndroidManifest.xml:46:9-46
		REJECTED from [androidx.core:core:1.9.0] AndroidManifest.xml:28:18-86
	tools:ignore
		ADDED from src/main/AndroidManifest.xml:48:9-48
	android:allowBackup
		ADDED from [:wikimedia-data-client] AndroidManifest.xml:8:9-35
	android:largeHeap
		ADDED from src/main/AndroidManifest.xml:43:9-33
	android:icon
		ADDED from src/main/AndroidManifest.xml:40:9-43
	android:theme
		ADDED from src/main/AndroidManifest.xml:42:9-45
	tools:replace
		ADDED from src/main/AndroidManifest.xml:45:9-52
	android:name
		ADDED from src/main/AndroidManifest.xml:39:9-43
activity#fr.free.nrw.commons.description.DescriptionEditActivity
ADDED from src/main/AndroidManifest.xml:50:9-53:39
	android:exported
		ADDED from src/main/AndroidManifest.xml:53:13-36
	android:theme
		ADDED from src/main/AndroidManifest.xml:51:11-51
	android:name
		ADDED from src/main/AndroidManifest.xml:52:13-64
activity#fr.free.nrw.commons.edit.EditActivity
ADDED from src/main/AndroidManifest.xml:55:9-57:38
	android:exported
		ADDED from src/main/AndroidManifest.xml:57:11-35
	android:name
		ADDED from src/main/AndroidManifest.xml:56:11-44
activity#org.acra.dialog.CrashReportDialog
ADDED from src/main/AndroidManifest.xml:59:9-63:49
MERGED from [ch.acra:acra-dialog:5.8.4] AndroidManifest.xml:25:9-31:59
MERGED from [ch.acra:acra-dialog:5.8.4] AndroidManifest.xml:25:9-31:59
	android:process
		ADDED from src/main/AndroidManifest.xml:60:13-36
	android:excludeFromRecents
		ADDED from src/main/AndroidManifest.xml:62:13-46
	android:launchMode
		ADDED from src/main/AndroidManifest.xml:61:13-48
	android:theme
		ADDED from [ch.acra:acra-dialog:5.8.4] AndroidManifest.xml:31:13-56
	android:finishOnTaskLaunch
		ADDED from src/main/AndroidManifest.xml:63:13-46
	android:name
		ADDED from src/main/AndroidManifest.xml:59:19-67
activity#fr.free.nrw.commons.media.ZoomableActivity
ADDED from src/main/AndroidManifest.xml:65:9-69:95
	android:parentActivityName
		ADDED from src/main/AndroidManifest.xml:69:13-92
	android:label
		ADDED from src/main/AndroidManifest.xml:67:13-46
	android:configChanges
		ADDED from src/main/AndroidManifest.xml:68:13-68
	android:name
		ADDED from src/main/AndroidManifest.xml:66:13-51
activity#fr.free.nrw.commons.auth.LoginActivity
ADDED from src/main/AndroidManifest.xml:71:9-82:20
	android:exported
		ADDED from src/main/AndroidManifest.xml:72:19-42
	android:name
		ADDED from src/main/AndroidManifest.xml:71:19-53
intent-filter#action:name:android.intent.action.MAIN+category:name:android.intent.category.LAUNCHER
ADDED from src/main/AndroidManifest.xml:73:13-77:29
category#android.intent.category.LAUNCHER
ADDED from src/main/AndroidManifest.xml:74:17-77
	android:name
		ADDED from src/main/AndroidManifest.xml:74:27-74
action#android.intent.action.MAIN
ADDED from src/main/AndroidManifest.xml:76:17-69
	android:name
		ADDED from src/main/AndroidManifest.xml:76:25-66
meta-data#android.app.shortcuts
ADDED from src/main/AndroidManifest.xml:79:13-80:53
	android:resource
		ADDED from src/main/AndroidManifest.xml:80:17-50
	android:name
		ADDED from src/main/AndroidManifest.xml:79:24-60
activity#fr.free.nrw.commons.WelcomeActivity
ADDED from src/main/AndroidManifest.xml:83:9-53
	android:name
		ADDED from src/main/AndroidManifest.xml:83:19-50
activity#fr.free.nrw.commons.upload.UploadActivity
ADDED from src/main/AndroidManifest.xml:85:9-110:20
	android:label
		ADDED from src/main/AndroidManifest.xml:91:13-45
	android:hardwareAccelerated
		ADDED from src/main/AndroidManifest.xml:86:13-48
	android:windowSoftInputMode
		ADDED from src/main/AndroidManifest.xml:92:13-55
	android:exported
		ADDED from src/main/AndroidManifest.xml:88:13-36
	android:configChanges
		ADDED from src/main/AndroidManifest.xml:89:13-68
	android:icon
		ADDED from src/main/AndroidManifest.xml:90:13-47
	android:name
		ADDED from src/main/AndroidManifest.xml:87:13-50
intent-filter#action:name:android.intent.action.SEND+category:name:android.intent.category.DEFAULT+data:mimeType:audio/ogg+data:mimeType:image/*
ADDED from src/main/AndroidManifest.xml:94:13-101:29
	android:label